<?xml version="1.0"?>
<testsuite name="Chrome 68.0.3440 (Windows 10.0.0)" package="" timestamp="2018-08-28T11:25:21" id="0" hostname="LAPTOP-8QRGH2MC" tests="3" errors="0" failures="1" time="0.218">
  <properties>
    <property name="browser.fullName" value="Mozilla/5.0 (Windows NT 10.0; Win64; x64) AppleWebKit/537.36 (KHTML, like Gecko) Chrome/68.0.3440.106 Safari/537.36"/>
  </properties>
  <testcase name="AppComponent should create the app" time="0.117" classname="Chrome_68_0_3440_(Windows_10_0_0).AppComponent"/>
  <testcase name="AppComponent should have as title 'app'" time="0.061" classname="Chrome_68_0_3440_(Windows_10_0_0).AppComponent"/>
  <testcase name="AppComponent should render title in a h1 tag" time="0.04" classname="Chrome_68_0_3440_(Windows_10_0_0).AppComponent">
    <failure type="">Failed
    at UserContext.&lt;anonymous&gt; src/app/app.component.spec.ts:33:5)
    at ZoneDelegate.push../node_modules/zone.js/dist/zone.js.ZoneDelegate.invoke node_modules/zone.js/dist/zone.js:388:1)
    at AsyncTestZoneSpec.push../node_modules/zone.js/dist/zone-testing.js.AsyncTestZoneSpec.onInvoke node_modules/zone.js/dist/zone-testing.js:713:1)
    at ProxyZoneSpec.push../node_modules/zone.js/dist/zone-testing.js.ProxyZoneSpec.onInvoke node_modules/zone.js/dist/zone-testing.js:285:1)
</failure>
  </testcase>
  <system-out>
    <![CDATA[
]]>
  </system-out>
  <system-err/>
</testsuite>